<!DOCTYPE html PUBLIC "-//W3C//DTD XHTML 1.1//EN" "http://www.w3.org/TR/xhtml11/DTD/xhtml11.dtd">
<html xmlns="http://www.w3.org/1999/xhtml">
<head>
<meta http-equiv="content-type" content="text/html; charset=UTF-8"/>
<title>TestNG Report</title>
<style type="text/css">table {margin-bottom:10px;border-collapse:collapse;empty-cells:show}th,td {border:1px solid #009;padding:.25em .5em}th {vertical-align:bottom}td {vertical-align:top}table a {font-weight:bold}.stripe td {background-color: #E6EBF9}.num {text-align:right}.passedodd td {background-color: #3F3}.passedeven td {background-color: #0A0}.skippedodd td {background-color: #DDD}.skippedeven td {background-color: #CCC}.failedodd td,.attn {background-color: #F33}.failedeven td,.stripe .attn {background-color: #D00}.stacktrace {white-space:pre;font-family:monospace}.totop {font-size:85%;text-align:center;border-bottom:2px solid #000}.invisible {display:none}</style>
</head>
<body>
<table>
<tr><th>Test</th><th># Passed</th><th># Skipped</th><th># Retried</th><th># Failed</th><th>Time (ms)</th><th>Included Groups</th><th>Excluded Groups</th></tr>
<tr><th colspan="7">assessment</th></tr>
<tr><td><a href="#t0">assessment</a></td><td class="num">0</td><td class="num attn">1</td><td class="num">0</td><td class="num">0</td><td class="num">17,924</td><td></td><td></td></tr>
<tr><th colspan="7">phpHotelBooking</th></tr>
</table>
<table id='summary'><thead><tr><th>Class</th><th>Method</th><th>Start</th><th>Time (ms)</th></tr></thead><tbody><tr><th colspan="4">assessment</th></tr></tbody><tbody id="t0"><tr><th colspan="4">assessment &#8212; failed (configuration methods)</th></tr><tr class="failedeven"><td rowspan="1">com.atmecs.phphotelbooking.testscript.PhpHotelBooking</td><td><a href="#m0">browserSelect</a></td><td rowspan="1">1575030181987</td><td rowspan="1">17853</td></tr><tr><th colspan="4">assessment &#8212; skipped (configuration methods)</th></tr><tr class="skippedeven"><td rowspan="2">com.atmecs.phphotelbooking.testscript.PhpHotelBooking</td><td><a href="#m1">browserQuit</a></td><td rowspan="1">1575030199902</td><td rowspan="1">-1575030199902</td></tr><tr class="skippedeven"><td><a href="#m2">invokeUrl</a></td><td rowspan="1">1575030199868</td><td rowspan="1">-1575030199868</td></tr><tr><th colspan="4">assessment &#8212; skipped</th></tr><tr class="skippedeven"><td rowspan="1">com.atmecs.phphotelbooking.testscript.PhpHotelBooking</td><td><a href="#m3">searchAndBookHotel</a></td><td rowspan="1">1575030199899</td><td rowspan="1">0</td></tr></tbody>
<tbody><tr><th colspan="4">phpHotelBooking</th></tr></tbody></table>
<h2>assessment</h2><h3 id="m0">com.atmecs.phphotelbooking.testscript.PhpHotelBooking#browserSelect</h3><table class="result"><tr><th>Exception</th></tr><tr><td><div class="stacktrace">org.openqa.selenium.SessionNotCreatedException: session not created
from chrome not reachable
  (Session info: chrome=78.0.3904.108)
Build info: version: &apos;3.141.59&apos;, revision: &apos;e82be7d358&apos;, time: &apos;2018-11-14T08:17:03&apos;
System info: host: &apos;ATMECSINLT-084&apos;, ip: &apos;55.55.52.136&apos;, os.name: &apos;Windows 10&apos;, os.arch: &apos;amd64&apos;, os.version: &apos;10.0&apos;, java.version: &apos;1.8.0_221&apos;
Driver info: driver.version: ChromeDriver
remote stacktrace: Backtrace:
	Ordinal0 [0x0077A903+1550595]
	Ordinal0 [0x006FA701+1025793]
	Ordinal0 [0x0067C58E+509326]
	Ordinal0 [0x006762C2+484034]
	Ordinal0 [0x0067699B+485787]
	Ordinal0 [0x00677B05+490245]
	Ordinal0 [0x00673A85+473733]
	Ordinal0 [0x0067D330+512816]
	Ordinal0 [0x0062B649+177737]
	Ordinal0 [0x0062A8ED+174317]
	Ordinal0 [0x00628CDB+167131]
	Ordinal0 [0x0061144A+70730]
	Ordinal0 [0x006124D0+74960]
	Ordinal0 [0x00612469+74857]
	Ordinal0 [0x007142C7+1131207]
	GetHandleVerifier [0x008170FD+523789]
	GetHandleVerifier [0x00816E90+523168]
	GetHandleVerifier [0x0081E1E7+552695]
	GetHandleVerifier [0x008178FA+525834]
	Ordinal0 [0x0070B7FC+1095676]
	Ordinal0 [0x0071633B+1139515]
	Ordinal0 [0x007164A3+1139875]
	Ordinal0 [0x00715425+1135653]
	BaseThreadInitThunk [0x75AD6359+25]
	RtlGetAppContainerNamedObjectPath [0x77DA7A94+228]
	RtlGetAppContainerNamedObjectPath [0x77DA7A64+180]

	at org.openqa.selenium.remote.W3CHandshakeResponse.lambda$errorHandler$0(W3CHandshakeResponse.java:62)
	at org.openqa.selenium.remote.HandshakeResponse.lambda$getResponseFunction$0(HandshakeResponse.java:30)
	at org.openqa.selenium.remote.ProtocolHandshake.lambda$createSession$0(ProtocolHandshake.java:126)
	at java.util.stream.ReferencePipeline$3$1.accept(Unknown Source)
	at java.util.Spliterators$ArraySpliterator.tryAdvance(Unknown Source)
	at java.util.stream.ReferencePipeline.forEachWithCancel(Unknown Source)
	at java.util.stream.AbstractPipeline.copyIntoWithCancel(Unknown Source)
	at java.util.stream.AbstractPipeline.copyInto(Unknown Source)
	at java.util.stream.AbstractPipeline.wrapAndCopyInto(Unknown Source)
	at java.util.stream.FindOps$FindOp.evaluateSequential(Unknown Source)
	at java.util.stream.AbstractPipeline.evaluate(Unknown Source)
	at java.util.stream.ReferencePipeline.findFirst(Unknown Source)
	at org.openqa.selenium.remote.ProtocolHandshake.createSession(ProtocolHandshake.java:128)
	at org.openqa.selenium.remote.ProtocolHandshake.createSession(ProtocolHandshake.java:74)
	at org.openqa.selenium.remote.HttpCommandExecutor.execute(HttpCommandExecutor.java:136)
	at org.openqa.selenium.remote.service.DriverCommandExecutor.execute(DriverCommandExecutor.java:83)
	at org.openqa.selenium.remote.RemoteWebDriver.execute(RemoteWebDriver.java:552)
	at org.openqa.selenium.remote.RemoteWebDriver.startSession(RemoteWebDriver.java:213)
	at org.openqa.selenium.remote.RemoteWebDriver.&lt;init&gt;(RemoteWebDriver.java:131)
	at org.openqa.selenium.chrome.ChromeDriver.&lt;init&gt;(ChromeDriver.java:181)
	at org.openqa.selenium.chrome.ChromeDriver.&lt;init&gt;(ChromeDriver.java:168)
	at org.openqa.selenium.chrome.ChromeDriver.&lt;init&gt;(ChromeDriver.java:123)
	at com.atmecs.phphotelbooking.testbase.TestSuiteBase.browserSelect(TestSuiteBase.java:49)
... Removed 33 stack frames</div></td></tr></table><p class="totop"><a href="#summary">back to summary</a></p>
<h3 id="m1">com.atmecs.phphotelbooking.testscript.PhpHotelBooking#browserQuit</h3><table class="result"><tr><th class="invisible"/></tr></table><p class="totop"><a href="#summary">back to summary</a></p>
<h3 id="m2">com.atmecs.phphotelbooking.testscript.PhpHotelBooking#invokeUrl</h3><table class="result"><tr><th class="invisible"/></tr></table><p class="totop"><a href="#summary">back to summary</a></p>
<h3 id="m3">com.atmecs.phphotelbooking.testscript.PhpHotelBooking#searchAndBookHotel</h3><table class="result"><tr><th>Exception</th></tr><tr><td><div class="stacktrace">org.openqa.selenium.SessionNotCreatedException: session not created
from chrome not reachable
  (Session info: chrome=78.0.3904.108)
Build info: version: &apos;3.141.59&apos;, revision: &apos;e82be7d358&apos;, time: &apos;2018-11-14T08:17:03&apos;
System info: host: &apos;ATMECSINLT-084&apos;, ip: &apos;55.55.52.136&apos;, os.name: &apos;Windows 10&apos;, os.arch: &apos;amd64&apos;, os.version: &apos;10.0&apos;, java.version: &apos;1.8.0_221&apos;
Driver info: driver.version: ChromeDriver
remote stacktrace: Backtrace:
	Ordinal0 [0x0077A903+1550595]
	Ordinal0 [0x006FA701+1025793]
	Ordinal0 [0x0067C58E+509326]
	Ordinal0 [0x006762C2+484034]
	Ordinal0 [0x0067699B+485787]
	Ordinal0 [0x00677B05+490245]
	Ordinal0 [0x00673A85+473733]
	Ordinal0 [0x0067D330+512816]
	Ordinal0 [0x0062B649+177737]
	Ordinal0 [0x0062A8ED+174317]
	Ordinal0 [0x00628CDB+167131]
	Ordinal0 [0x0061144A+70730]
	Ordinal0 [0x006124D0+74960]
	Ordinal0 [0x00612469+74857]
	Ordinal0 [0x007142C7+1131207]
	GetHandleVerifier [0x008170FD+523789]
	GetHandleVerifier [0x00816E90+523168]
	GetHandleVerifier [0x0081E1E7+552695]
	GetHandleVerifier [0x008178FA+525834]
	Ordinal0 [0x0070B7FC+1095676]
	Ordinal0 [0x0071633B+1139515]
	Ordinal0 [0x007164A3+1139875]
	Ordinal0 [0x00715425+1135653]
	BaseThreadInitThunk [0x75AD6359+25]
	RtlGetAppContainerNamedObjectPath [0x77DA7A94+228]
	RtlGetAppContainerNamedObjectPath [0x77DA7A64+180]

	at org.openqa.selenium.remote.W3CHandshakeResponse.lambda$errorHandler$0(W3CHandshakeResponse.java:62)
	at org.openqa.selenium.remote.HandshakeResponse.lambda$getResponseFunction$0(HandshakeResponse.java:30)
	at org.openqa.selenium.remote.ProtocolHandshake.lambda$createSession$0(ProtocolHandshake.java:126)
	at java.util.stream.ReferencePipeline$3$1.accept(Unknown Source)
	at java.util.Spliterators$ArraySpliterator.tryAdvance(Unknown Source)
	at java.util.stream.ReferencePipeline.forEachWithCancel(Unknown Source)
	at java.util.stream.AbstractPipeline.copyIntoWithCancel(Unknown Source)
	at java.util.stream.AbstractPipeline.copyInto(Unknown Source)
	at java.util.stream.AbstractPipeline.wrapAndCopyInto(Unknown Source)
	at java.util.stream.FindOps$FindOp.evaluateSequential(Unknown Source)
	at java.util.stream.AbstractPipeline.evaluate(Unknown Source)
	at java.util.stream.ReferencePipeline.findFirst(Unknown Source)
	at org.openqa.selenium.remote.ProtocolHandshake.createSession(ProtocolHandshake.java:128)
	at org.openqa.selenium.remote.ProtocolHandshake.createSession(ProtocolHandshake.java:74)
	at org.openqa.selenium.remote.HttpCommandExecutor.execute(HttpCommandExecutor.java:136)
	at org.openqa.selenium.remote.service.DriverCommandExecutor.execute(DriverCommandExecutor.java:83)
	at org.openqa.selenium.remote.RemoteWebDriver.execute(RemoteWebDriver.java:552)
	at org.openqa.selenium.remote.RemoteWebDriver.startSession(RemoteWebDriver.java:213)
	at org.openqa.selenium.remote.RemoteWebDriver.&lt;init&gt;(RemoteWebDriver.java:131)
	at org.openqa.selenium.chrome.ChromeDriver.&lt;init&gt;(ChromeDriver.java:181)
	at org.openqa.selenium.chrome.ChromeDriver.&lt;init&gt;(ChromeDriver.java:168)
	at org.openqa.selenium.chrome.ChromeDriver.&lt;init&gt;(ChromeDriver.java:123)
	at com.atmecs.phphotelbooking.testbase.TestSuiteBase.browserSelect(TestSuiteBase.java:49)
... Removed 33 stack frames</div></td></tr></table><p class="totop"><a href="#summary">back to summary</a></p>
</body>
</html>
