<?xml version="1.0" encoding="UTF-8"?>
<!-- Generated by org.testng.reporters.JUnitXMLReporter -->
<testsuite hostname="ATMECSINLT-084" ignored="0" name="assessment" tests="1" failures="0" timestamp="2019-11-29T17:53:19 IST" time="17.924" errors="0">
  <testcase name="@BeforeTest browserSelect" time="17.853" classname="com.atmecs.phphotelbooking.testbase.TestSuiteBase">
    <failure type="org.openqa.selenium.SessionNotCreatedException" message="session not created
from chrome not reachable
  (Session info: chrome=78.0.3904.108)
Build info: version: &amp;apos;3.141.59&amp;apos;, revision: &amp;apos;e82be7d358&amp;apos;, time: &amp;apos;2018-11-14T08:17:03&amp;apos;
System info: host: &amp;apos;ATMECSINLT-084&amp;apos;, ip: &amp;apos;55.55.52.136&amp;apos;, os.name: &amp;apos;Windows 10&amp;apos;, os.arch: &amp;apos;amd64&amp;apos;, os.version: &amp;apos;10.0&amp;apos;, java.version: &amp;apos;1.8.0_221&amp;apos;
Driver info: driver.version: ChromeDriver
remote stacktrace: Backtrace:
	Ordinal0 [0x0077A903+1550595]
	Ordinal0 [0x006FA701+1025793]
	Ordinal0 [0x0067C58E+509326]
	Ordinal0 [0x006762C2+484034]
	Ordinal0 [0x0067699B+485787]
	Ordinal0 [0x00677B05+490245]
	Ordinal0 [0x00673A85+473733]
	Ordinal0 [0x0067D330+512816]
	Ordinal0 [0x0062B649+177737]
	Ordinal0 [0x0062A8ED+174317]
	Ordinal0 [0x00628CDB+167131]
	Ordinal0 [0x0061144A+70730]
	Ordinal0 [0x006124D0+74960]
	Ordinal0 [0x00612469+74857]
	Ordinal0 [0x007142C7+1131207]
	GetHandleVerifier [0x008170FD+523789]
	GetHandleVerifier [0x00816E90+523168]
	GetHandleVerifier [0x0081E1E7+552695]
	GetHandleVerifier [0x008178FA+525834]
	Ordinal0 [0x0070B7FC+1095676]
	Ordinal0 [0x0071633B+1139515]
	Ordinal0 [0x007164A3+1139875]
	Ordinal0 [0x00715425+1135653]
	BaseThreadInitThunk [0x75AD6359+25]
	RtlGetAppContainerNamedObjectPath [0x77DA7A94+228]
	RtlGetAppContainerNamedObjectPath [0x77DA7A64+180]
">
      <![CDATA[org.openqa.selenium.SessionNotCreatedException: session not created
from chrome not reachable
  (Session info: chrome=78.0.3904.108)
Build info: version: '3.141.59', revision: 'e82be7d358', time: '2018-11-14T08:17:03'
System info: host: 'ATMECSINLT-084', ip: '55.55.52.136', os.name: 'Windows 10', os.arch: 'amd64', os.version: '10.0', java.version: '1.8.0_221'
Driver info: driver.version: ChromeDriver
remote stacktrace: Backtrace:
Ordinal0 [0x0077A903+1550595]
Ordinal0 [0x006FA701+1025793]
Ordinal0 [0x0067C58E+509326]
Ordinal0 [0x006762C2+484034]
Ordinal0 [0x0067699B+485787]
Ordinal0 [0x00677B05+490245]
Ordinal0 [0x00673A85+473733]
Ordinal0 [0x0067D330+512816]
Ordinal0 [0x0062B649+177737]
Ordinal0 [0x0062A8ED+174317]
Ordinal0 [0x00628CDB+167131]
Ordinal0 [0x0061144A+70730]
Ordinal0 [0x006124D0+74960]
Ordinal0 [0x00612469+74857]
Ordinal0 [0x007142C7+1131207]
GetHandleVerifier [0x008170FD+523789]
GetHandleVerifier [0x00816E90+523168]
GetHandleVerifier [0x0081E1E7+552695]
GetHandleVerifier [0x008178FA+525834]
Ordinal0 [0x0070B7FC+1095676]
Ordinal0 [0x0071633B+1139515]
Ordinal0 [0x007164A3+1139875]
Ordinal0 [0x00715425+1135653]
BaseThreadInitThunk [0x75AD6359+25]
RtlGetAppContainerNamedObjectPath [0x77DA7A94+228]
RtlGetAppContainerNamedObjectPath [0x77DA7A64+180]

at org.openqa.selenium.remote.W3CHandshakeResponse.lambda$errorHandler$0(W3CHandshakeResponse.java:62)
at org.openqa.selenium.remote.HandshakeResponse.lambda$getResponseFunction$0(HandshakeResponse.java:30)
at org.openqa.selenium.remote.ProtocolHandshake.lambda$createSession$0(ProtocolHandshake.java:126)
at java.util.stream.ReferencePipeline$3$1.accept(Unknown Source)
at java.util.Spliterators$ArraySpliterator.tryAdvance(Unknown Source)
at java.util.stream.ReferencePipeline.forEachWithCancel(Unknown Source)
at java.util.stream.AbstractPipeline.copyIntoWithCancel(Unknown Source)
at java.util.stream.AbstractPipeline.copyInto(Unknown Source)
at java.util.stream.AbstractPipeline.wrapAndCopyInto(Unknown Source)
at java.util.stream.FindOps$FindOp.evaluateSequential(Unknown Source)
at java.util.stream.AbstractPipeline.evaluate(Unknown Source)
at java.util.stream.ReferencePipeline.findFirst(Unknown Source)
at org.openqa.selenium.remote.ProtocolHandshake.createSession(ProtocolHandshake.java:128)
at org.openqa.selenium.remote.ProtocolHandshake.createSession(ProtocolHandshake.java:74)
at org.openqa.selenium.remote.HttpCommandExecutor.execute(HttpCommandExecutor.java:136)
at org.openqa.selenium.remote.service.DriverCommandExecutor.execute(DriverCommandExecutor.java:83)
at org.openqa.selenium.remote.RemoteWebDriver.execute(RemoteWebDriver.java:552)
at org.openqa.selenium.remote.RemoteWebDriver.startSession(RemoteWebDriver.java:213)
at org.openqa.selenium.remote.RemoteWebDriver.<init>(RemoteWebDriver.java:131)
at org.openqa.selenium.chrome.ChromeDriver.<init>(ChromeDriver.java:181)
at org.openqa.selenium.chrome.ChromeDriver.<init>(ChromeDriver.java:168)
at org.openqa.selenium.chrome.ChromeDriver.<init>(ChromeDriver.java:123)
at com.atmecs.phphotelbooking.testbase.TestSuiteBase.browserSelect(TestSuiteBase.java:49)
... Removed 33 stack frames]]>
    </failure>
  </testcase> <!-- @BeforeTest browserSelect -->
  <testcase name="@BeforeClass invokeUrl" time="-1.575030199868E9" classname="com.atmecs.phphotelbooking.testscript.PhpHotelBooking">
    <skipped/>
  </testcase> <!-- @BeforeClass invokeUrl -->
  <testcase name="@AfterClass browserQuit" time="-1.575030199902E9" classname="com.atmecs.phphotelbooking.testbase.TestSuiteBase">
    <skipped/>
  </testcase> <!-- @AfterClass browserQuit -->
  <testcase name="searchAndBookHotel" time="0.0" classname="com.atmecs.phphotelbooking.testscript.PhpHotelBooking">
    <skipped/>
  </testcase> <!-- searchAndBookHotel -->
</testsuite> <!-- assessment -->
